Building DAG of jobs...
Provided cores: 12
Rules claiming more threads will be scaled down.
Job counts:
	count	jobs
	1	all
	2	fastqc
	2	merge_fastq
	2	metrics
	2	minimap2
	1	pdf
	1	plot
	2	samtools
	2	samtools_sort
	2	trim_forward
	2	trim_pairs
	2	trim_reverse
	21

Job 14: Trimming the first 24 bases from data/samples/HyperPlus_R1.fastq


rule plot:
    input: metrics/metrics.csv
    output: plots/cov.png, plots/depth.png, plots/mapped.png, plots/align.png
    jobid: 3

Job 11: Trimming the first 24 bases from data/samples/HyperPrep_R1.fastq


rule pdf:
    output: PDF/Report.pdf
    jobid: 4


Job 13: Trimming the first 3 bases from data/samples/HyperPlus_R2.fastq


Job 12: Trimming the first 3 bases from data/samples/HyperPrep_R2.fastq

Error in rule pdf:
    jobid: 4
    output: PDF/Report.pdf

RuleException:
CalledProcessError in line 168 of /home/dewald/Documents/snakemake/Snakefile:
Command ' set -euo pipefail;  /usr/bin/python3 /home/dewald/Documents/snakemake/scripts/.snakemake.fttvf0_c.pdf.py ' returned non-zero exit status 1.
  File "/home/dewald/Documents/snakemake/Snakefile", line 168, in __rule_pdf
  File "/usr/lib/python3.6/concurrent/futures/thread.py", line 56, in run
Will exit after finishing currently running jobs.
Finished job 14.
1 of 21 steps (5%) done
Finished job 12.
2 of 21 steps (10%) done
Finished job 11.
3 of 21 steps (14%) done
Will exit after finishing currently running jobs.
Finished job 13.
4 of 21 steps (19%) done
Will exit after finishing currently running jobs.
Error in rule plot:
    jobid: 3
    output: plots/cov.png, plots/depth.png, plots/mapped.png, plots/align.png

RuleException:
CalledProcessError in line 161 of /home/dewald/Documents/snakemake/Snakefile:
Command ' set -euo pipefail;  /usr/bin/python3 /home/dewald/Documents/snakemake/scripts/.snakemake.2i_5159u.plot.py ' returned non-zero exit status 1.
  File "/home/dewald/Documents/snakemake/Snakefile", line 161, in __rule_plot
  File "/usr/lib/python3.6/concurrent/futures/thread.py", line 56, in run
Will exit after finishing currently running jobs.
Exiting because a job execution failed. Look above for error message
Complete log: .snakemake/log/2021-03-19T005139.219015.snakemake.log
