Building DAG of jobs...
Provided cores: 2
Rules claiming more threads will be scaled down.
Job counts:
	count	jobs
	1	all
	2	metrics
	3

rule metrics:
    input: data/sorted_reads/combined_HyperPlus.bam, data/samples/combined/combined_HyperPlus.sam
    output: metrics/HyperPlus.bam.csv
    jobid: 9
    wildcards: sample=HyperPlus

rule metrics:
    input: data/sorted_reads/combined_HyperPrep.bam, data/samples/combined/combined_HyperPrep.sam
    output: metrics/HyperPrep.bam.csv
    jobid: 1
    wildcards: sample=HyperPrep

Error in rule metrics:
    jobid: 9
    output: metrics/HyperPlus.bam.csv

RuleException:
CalledProcessError in line 149 of /home/dewald/Documents/snakemake/Snakefile:
Command ' set -euo pipefail;  /usr/bin/python3 /home/dewald/Documents/snakemake/scripts/.snakemake.d7s_1_1b.metrics.py ' returned non-zero exit status 1.
  File "/home/dewald/Documents/snakemake/Snakefile", line 149, in __rule_metrics
  File "/usr/lib/python3.6/concurrent/futures/thread.py", line 56, in run
Will exit after finishing currently running jobs.
Error in rule metrics:
    jobid: 1
    output: metrics/HyperPrep.bam.csv

RuleException:
CalledProcessError in line 149 of /home/dewald/Documents/snakemake/Snakefile:
Command ' set -euo pipefail;  /usr/bin/python3 /home/dewald/Documents/snakemake/scripts/.snakemake.1f6bg_z1.metrics.py ' returned non-zero exit status 1.
  File "/home/dewald/Documents/snakemake/Snakefile", line 149, in __rule_metrics
  File "/usr/lib/python3.6/concurrent/futures/thread.py", line 56, in run
Will exit after finishing currently running jobs.
Exiting because a job execution failed. Look above for error message
Complete log: .snakemake/log/2021-03-19T075516.575203.snakemake.log
