Building DAG of jobs...
Provided cores: 2
Rules claiming more threads will be scaled down.
Job counts:
	count	jobs
	1	all
	2	metrics
	3

rule metrics:
    input: sorted_reads/combined_HyperPrep.bam
    output: metrics/combined_HyperPrep.csv
    jobid: 4
    wildcards: sample=HyperPrep

rule metrics:
    input: sorted_reads/combined_HyperPlus.bam
    output: metrics/combined_HyperPlus.csv
    jobid: 2
    wildcards: sample=HyperPlus

Error in rule metrics:
    jobid: 2
    output: metrics/combined_HyperPlus.csv

RuleException:
CalledProcessError in line 85 of /home/dewald/Documents/snakemake/Snakefile:
Command ' set -euo pipefail;  /usr/bin/python3 /home/dewald/Documents/snakemake/scripts/.snakemake.sby1t01t.metrics.py ' returned non-zero exit status 1.
  File "/home/dewald/Documents/snakemake/Snakefile", line 85, in __rule_metrics
  File "/usr/lib/python3.6/concurrent/futures/thread.py", line 56, in run
Will exit after finishing currently running jobs.
Error in rule metrics:
    jobid: 4
    output: metrics/combined_HyperPrep.csv

RuleException:
CalledProcessError in line 85 of /home/dewald/Documents/snakemake/Snakefile:
Command ' set -euo pipefail;  /usr/bin/python3 /home/dewald/Documents/snakemake/scripts/.snakemake.zqu2p94f.metrics.py ' returned non-zero exit status 1.
  File "/home/dewald/Documents/snakemake/Snakefile", line 85, in __rule_metrics
  File "/usr/lib/python3.6/concurrent/futures/thread.py", line 56, in run
Will exit after finishing currently running jobs.
Exiting because a job execution failed. Look above for error message
Complete log: .snakemake/log/2021-03-16T214017.277157.snakemake.log
