Building DAG of jobs...
Provided cores: 12
Rules claiming more threads will be scaled down.
Job counts:
	count	jobs
	1	all
	2	fastqc
	2	merge_fastq
	2	metrics
	2	minimap2
	1	pdf
	1	plot
	2	samtools
	2	samtools_sort
	2	trim_pairs
	17

Job 3: Trimming data/trimmed/HyperPrep_R1.trim.fastq and data/trimmed/HyperPrep_R2.trim.fastq as a pair.


rule pdf:
    output: PDF/Report.pdf
    jobid: 9

Job 5: Trimming data/trimmed/HyperPlus_R1.trim.fastq and data/trimmed/HyperPlus_R2.trim.fastq as a pair.


rule plot:
    input: metrics/metrics.csv
    output: plots/cov.png, plots/depth.png, plots/mapped.png, plots/align.png
    jobid: 2

Error in rule pdf:
    jobid: 9
    output: PDF/Report.pdf

RuleException:
CalledProcessError in line 168 of /home/dewald/Documents/snakemake/Snakefile:
Command ' set -euo pipefail;  /usr/bin/python3 /home/dewald/Documents/snakemake/scripts/.snakemake.c7z21588.pdf.py ' returned non-zero exit status 1.
  File "/home/dewald/Documents/snakemake/Snakefile", line 168, in __rule_pdf
  File "/usr/lib/python3.6/concurrent/futures/thread.py", line 56, in run
Will exit after finishing currently running jobs.
Error in rule plot:
    jobid: 2
    output: plots/cov.png, plots/depth.png, plots/mapped.png, plots/align.png

RuleException:
CalledProcessError in line 161 of /home/dewald/Documents/snakemake/Snakefile:
Command ' set -euo pipefail;  /usr/bin/python3 /home/dewald/Documents/snakemake/scripts/.snakemake.paugodgs.plot.py ' returned non-zero exit status 1.
  File "/home/dewald/Documents/snakemake/Snakefile", line 161, in __rule_plot
  File "/usr/lib/python3.6/concurrent/futures/thread.py", line 56, in run
Will exit after finishing currently running jobs.
Removing temporary output file data/trimmed/HyperPrep_R1.trim.fastq.
Removing temporary output file data/trimmed/HyperPrep_R2.trim.fastq.
Finished job 3.
1 of 17 steps (6%) done
Will exit after finishing currently running jobs.
Removing temporary output file data/trimmed/HyperPlus_R1.trim.fastq.
Removing temporary output file data/trimmed/HyperPlus_R2.trim.fastq.
Finished job 5.
2 of 17 steps (12%) done
Will exit after finishing currently running jobs.
Exiting because a job execution failed. Look above for error message
Complete log: .snakemake/log/2021-03-19T005229.624357.snakemake.log
