Building DAG of jobs...
Provided cores: 2
Rules claiming more threads will be scaled down.
Job counts:
	count	jobs
	1	all
	1	metrics
	2

rule metrics:
    input: data/sorted_reads/combined_HyperPrep.bam, data/samples/combined/combined_HyperPrep.sam
    output: metrics/combined_HyperPrep.bam.csv
    jobid: 5
    wildcards: sample=HyperPrep

Finished job 5.
1 of 2 steps (50%) done

localrule all:
    input: plots/quals.svg, fastQC/combined_HyperPlus_fastqc.zip, fastQC/combined_HyperPrep_fastqc.zip, data/samples/combined/combined_HyperPlus.fastq, data/samples/combined/combined_HyperPrep.fastq, metrics/combined_HyperPlus.bam.csv, metrics/combined_HyperPrep.bam.csv
    jobid: 0

Finished job 0.
2 of 2 steps (100%) done
