Building DAG of jobs...
Provided cores: 12
Rules claiming more threads will be scaled down.
Job counts:
	count	jobs
	1	all
	2	metrics
	3

rule metrics:
    input: data/sorted_reads/combined_HyperPlus.bam, data/sorted_reads/combined_HyperPrep.bam, data/samples/combined/combined_HyperPlus.sam, data/samples/combined/combined_HyperPrep.sam
    output: metrics/HyperPlus.bam.csv
    jobid: 4
    wildcards: sample=HyperPlus

rule metrics:
    input: data/sorted_reads/combined_HyperPlus.bam, data/sorted_reads/combined_HyperPrep.bam, data/samples/combined/combined_HyperPlus.sam, data/samples/combined/combined_HyperPrep.sam
    output: metrics/HyperPrep.bam.csv
    jobid: 9
    wildcards: sample=HyperPrep

Error in rule metrics:
    jobid: 9
    output: metrics/HyperPrep.bam.csv

RuleException:
CalledProcessError in line 148 of /home/dewald/Documents/snakemake/Snakefile:
Command ' set -euo pipefail;  /usr/bin/python3 /home/dewald/Documents/snakemake/scripts/.snakemake.c3vivmsv.metrics.py ' returned non-zero exit status 1.
  File "/home/dewald/Documents/snakemake/Snakefile", line 148, in __rule_metrics
  File "/usr/lib/python3.6/concurrent/futures/thread.py", line 56, in run
Will exit after finishing currently running jobs.
Error in rule metrics:
    jobid: 4
    output: metrics/HyperPlus.bam.csv

RuleException:
CalledProcessError in line 148 of /home/dewald/Documents/snakemake/Snakefile:
Command ' set -euo pipefail;  /usr/bin/python3 /home/dewald/Documents/snakemake/scripts/.snakemake.3y8ff7fy.metrics.py ' returned non-zero exit status 1.
  File "/home/dewald/Documents/snakemake/Snakefile", line 148, in __rule_metrics
  File "/usr/lib/python3.6/concurrent/futures/thread.py", line 56, in run
Will exit after finishing currently running jobs.
Exiting because a job execution failed. Look above for error message
Complete log: .snakemake/log/2021-03-18T222400.882284.snakemake.log
