Building DAG of jobs...
Provided cores: 12
Rules claiming more threads will be scaled down.
Job counts:
	count	jobs
	1	all
	2	metrics
	1	plot
	4

rule metrics:
    input: data/sorted_reads/combined_HyperPlus.bam, data/samples/combined/combined_HyperPlus.sam
    output: metrics/HyperPlus.bam.csv
    jobid: 7
    wildcards: sample=HyperPlus

rule metrics:
    input: data/sorted_reads/combined_HyperPrep.bam, data/samples/combined/combined_HyperPrep.sam
    output: metrics/HyperPrep.bam.csv
    jobid: 8
    wildcards: sample=HyperPrep

rule plot:
    input: metrics/metrics.csv
    output: plots/cov.png, plots/depth.png, plots/mapped.png, plots/align.png
    jobid: 2

Finished job 2.
1 of 4 steps (25%) done
Finished job 7.
2 of 4 steps (50%) done
Finished job 8.
3 of 4 steps (75%) done

localrule all:
    input: data/trimmed/HyperPlus_R1.trim.final.fastq, data/trimmed/HyperPrep_R1.trim.final.fastq, data/trimmed/HyperPlus_R2.trim.final.fastq, data/trimmed/HyperPrep_R2.trim.final.fastq, data/trimmed/HyperPlus_R1.trim.unpaired.fastq, data/trimmed/HyperPrep_R1.trim.unpaired.fastq, data/trimmed/HyperPlus_R2.trim.unpaired.fastq, data/trimmed/HyperPrep_R2.trim.unpaired.fastq, fastQC/combined_HyperPlus_fastqc.zip, fastQC/combined_HyperPrep_fastqc.zip, data/samples/combined/combined_HyperPlus.fastq, data/samples/combined/combined_HyperPrep.fastq, metrics/HyperPlus.bam.csv, metrics/HyperPrep.bam.csv, plots/cov.png, plots/mapped.png, plots/depth.png, plots/align.png, PDF/Report.pdf
    jobid: 0

Finished job 0.
4 of 4 steps (100%) done
