Building DAG of jobs...
Provided cores: 2
Rules claiming more threads will be scaled down.
Job counts:
	count	jobs
	1	all
	1	trim_forward
	2	trim_pairs
	1	trim_reverse
	5

Job 1: Trimming data/trimmed/HyperPlus_R1.trim.fastq and data/trimmed/HyperPlus_R2.trim.fastq as a pair.

Removing temporary output file data/trimmed/HyperPlus_R1.trim.fastq.
Removing temporary output file data/trimmed/HyperPlus_R2.trim.fastq.
Finished job 1.
1 of 5 steps (20%) done

Job 12: Trimming the first 3 bases from data/samples/HyperPrep_R2.fastq

Finished job 12.
2 of 5 steps (40%) done

Job 13: Trimming the first 24 bases from data/samples/HyperPrep_R1.fastq

Finished job 13.
3 of 5 steps (60%) done

Job 2: Trimming data/trimmed/HyperPrep_R1.trim.fastq and data/trimmed/HyperPrep_R2.trim.fastq as a pair.

Removing temporary output file data/trimmed/HyperPrep_R2.trim.fastq.
Removing temporary output file data/trimmed/HyperPrep_R1.trim.fastq.
Finished job 2.
4 of 5 steps (80%) done

localrule all:
    input: plots/quals.svg, fastQC/combined_HyperPlus_fastqc.zip, fastQC/combined_HyperPrep_fastqc.zip, data/samples/combined/combined_HyperPlus.fastq, data/samples/combined/combined_HyperPrep.fastq, metrics/HyperPlus.bam.csv, metrics/HyperPrep.bam.csv, data/trimmed/HyperPlus_R1.trim.final.fastq, data/trimmed/HyperPrep_R1.trim.final.fastq, data/trimmed/HyperPlus_R2.trim.final.fastq, data/trimmed/HyperPrep_R2.trim.final.fastq, data/trimmed/HyperPlus_R1.trim.unpaired.fastq, data/trimmed/HyperPrep_R1.trim.unpaired.fastq, data/trimmed/HyperPlus_R2.trim.unpaired.fastq, data/trimmed/HyperPrep_R2.trim.unpaired.fastq
    jobid: 0

Finished job 0.
5 of 5 steps (100%) done
