Building DAG of jobs...
Provided cores: 2
Rules claiming more threads will be scaled down.
Job counts:
	count	jobs
	1	all
	2	fastqc
	2	merge_fastq
	2	metrics
	2	minimap2
	2	samtools
	2	samtools_sort
	13

rule merge_fastq:
    input: data/samples/HyperPrep_R1.fastq, data/samples/HyperPrep_R2.fastq
    output: data/samples/combined/combined_HyperPrep.fastq
    jobid: 7
    wildcards: sample=HyperPrep


rule merge_fastq:
    input: data/samples/HyperPlus_R1.fastq, data/samples/HyperPlus_R2.fastq
    output: data/samples/combined/combined_HyperPlus.fastq
    jobid: 3
    wildcards: sample=HyperPlus

Finished job 7.
1 of 13 steps (8%) done

rule minimap2:
    input: data/Ecoli.fa, data/samples/combined/combined_HyperPrep.fastq
    output: data/samples/combined/combined_HyperPrep.sam
    jobid: 8
    wildcards: sample=HyperPrep

Finished job 3.
2 of 13 steps (15%) done

rule minimap2:
    input: data/Ecoli.fa, data/samples/combined/combined_HyperPlus.fastq
    output: data/samples/combined/combined_HyperPlus.sam
    jobid: 10
    wildcards: sample=HyperPlus

Finished job 10.
3 of 13 steps (23%) done

rule samtools:
    input: data/samples/combined/combined_HyperPlus.sam
    output: data/mapped_reads/combined_HyperPlus.bam
    jobid: 13
    wildcards: sample=HyperPlus

Finished job 8.
4 of 13 steps (31%) done

rule samtools:
    input: data/samples/combined/combined_HyperPrep.sam
    output: data/mapped_reads/combined_HyperPrep.bam
    jobid: 12
    wildcards: sample=HyperPrep

Finished job 13.
5 of 13 steps (38%) done

rule samtools_sort:
    input: data/mapped_reads/combined_HyperPlus.bam
    output: data/sorted_reads/combined_HyperPlus.bam
    jobid: 11
    wildcards: sample=HyperPlus

Finished job 12.
6 of 13 steps (46%) done

rule samtools_sort:
    input: data/mapped_reads/combined_HyperPrep.bam
    output: data/sorted_reads/combined_HyperPrep.bam
    jobid: 9
    wildcards: sample=HyperPrep

Finished job 11.
7 of 13 steps (54%) done

rule metrics:
    input: data/sorted_reads/combined_HyperPlus.bam, data/samples/combined/combined_HyperPlus.sam
    output: metrics/HyperPlus.bam.csv
    jobid: 5
    wildcards: sample=HyperPlus

Finished job 9.
8 of 13 steps (62%) done

rule metrics:
    input: data/sorted_reads/combined_HyperPrep.bam, data/samples/combined/combined_HyperPrep.sam
    output: metrics/HyperPrep.bam.csv
    jobid: 1
    wildcards: sample=HyperPrep

Finished job 5.
9 of 13 steps (69%) done

rule fastqc:
    input: data/samples/combined/combined_HyperPlus.fastq
    output: fastQC/combined_HyperPlus_fastqc.zip
    jobid: 4
    wildcards: sample=HyperPlus

Finished job 1.
10 of 13 steps (77%) done

rule fastqc:
    input: data/samples/combined/combined_HyperPrep.fastq
    output: fastQC/combined_HyperPrep_fastqc.zip
    jobid: 2
    wildcards: sample=HyperPrep

Finished job 4.
11 of 13 steps (85%) done
Finished job 2.
12 of 13 steps (92%) done

localrule all:
    input: plots/quals.svg, fastQC/combined_HyperPlus_fastqc.zip, fastQC/combined_HyperPrep_fastqc.zip, data/samples/combined/combined_HyperPlus.fastq, data/samples/combined/combined_HyperPrep.fastq, metrics/HyperPlus.bam.csv, metrics/HyperPrep.bam.csv
    jobid: 0

Finished job 0.
13 of 13 steps (100%) done
