Building DAG of jobs...
Provided cores: 12
Rules claiming more threads will be scaled down.
Job counts:
	count	jobs
	1	all
	1	metrics
	1	plot
	3

rule metrics:
    input: data/sorted_reads/combined_HyperPlus.bam, data/sorted_reads/combined_HyperPrep.bam, data/samples/combined/combined_HyperPlus.sam, data/samples/combined/combined_HyperPrep.sam
    output: metrics/metrics.csv
    jobid: 8

Error in rule metrics:
    jobid: 8
    output: metrics/metrics.csv

RuleException:
CalledProcessError in line 148 of /home/dewald/Documents/snakemake/Snakefile:
Command ' set -euo pipefail;  /usr/bin/python3 /home/dewald/Documents/snakemake/scripts/.snakemake.izppb02c.metrics.py ' returned non-zero exit status 1.
  File "/home/dewald/Documents/snakemake/Snakefile", line 148, in __rule_metrics
  File "/usr/lib/python3.6/concurrent/futures/thread.py", line 56, in run
Will exit after finishing currently running jobs.
Exiting because a job execution failed. Look above for error message
Complete log: .snakemake/log/2021-03-18T221033.861145.snakemake.log
